<?xml version="1.0" encoding="UTF-8"?><testsuite errors="1" failures="0" name="Register new user" skipped="0" tests="1" time="14.0" timestamp="2021-07-09 07:34:39"><testcase name="Register Successful"><error message="no such element: Unable to locate element: {&quot;method&quot;:&quot;xpath&quot;,&quot;selector&quot;:&quot;//span[text()='Paquita']&quot;}&#10;  (Session info: chrome=91.0.4472.124)&#10;For documentation on this error, please visit: https://www.seleniumhq.org/exceptions/no_such_element.html&#10;Build info: version: '3.141.59', revision: 'e82be7d358', time: '2018-11-14T08:17:03'&#10;System info: host: 'LAPTOP-SOA9CI2Q', ip: '192.168.1.10', os.name: 'Windows 10', os.arch: 'amd64', os.version: '10.0', java.version: '15.0.2'&#10;Driver info: org.openqa.selenium.chrome.ChromeDriver&#10;Capabilities {acceptInsecureCerts: false, browserName: chrome, browserVersion: 91.0.4472.124, chrome: {chromedriverVersion: 91.0.4472.19 (1bf021f248676..., userDataDir: C:\Users\Lulu\AppData\Local...}, goog:chromeOptions: {debuggerAddress: localhost:57045}, javascriptEnabled: true, networkConnectionEnabled: false, pageLoadStrategy: normal, platform: WINDOWS, platformName: WINDOWS, proxy: Proxy(), setWindowRect: true, strictFileInteractability: false, timeouts: {implicit: 0, pageLoad: 300000, script: 30000}, unhandledPromptBehavior: dismiss and notify, webauthn:extension:largeBlob: true, webauthn:virtualAuthenticators: true}&#10;Session ID: 4bbeb0597c2c720b1f1fd6184e707daf&#10;*** Element info: {Using=xpath, value=//span[text()='Paquita']}&#10;For documentation on this error, please visit: https://www.seleniumhq.org/exceptions/no_such_element.html&#10;Build info: version: '3.141.59', revision: 'e82be7d358', time: '2018-11-14T08:17:03'&#10;System info: host: 'LAPTOP-SOA9CI2Q', ip: '192.168.1.10', os.name: 'Windows 10', os.arch: 'amd64', os.version: '10.0', java.version: '15.0.2'&#10;Driver info: driver.version: unknown" type="org.openqa.selenium.NoSuchElementException">no such element: Unable to locate element: {"method":"xpath","selector":"//span[text()='Paquita']"}
  (Session info: chrome=91.0.4472.124)
For documentation on this error, please visit: https://www.seleniumhq.org/exceptions/no_such_element.html
Build info: version: '3.141.59', revision: 'e82be7d358', time: '2018-11-14T08:17:03'
System info: host: 'LAPTOP-SOA9CI2Q', ip: '192.168.1.10', os.name: 'Windows 10', os.arch: 'amd64', os.version: '10.0', java.version: '15.0.2'
Driver info: org.openqa.selenium.chrome.ChromeDriver
Capabilities {acceptInsecureCerts: false, browserName: chrome, browserVersion: 91.0.4472.124, chrome: {chromedriverVersion: 91.0.4472.19 (1bf021f248676..., userDataDir: C:\Users\Lulu\AppData\Local...}, goog:chromeOptions: {debuggerAddress: localhost:57045}, javascriptEnabled: true, networkConnectionEnabled: false, pageLoadStrategy: normal, platform: WINDOWS, platformName: WINDOWS, proxy: Proxy(), setWindowRect: true, strictFileInteractability: false, timeouts: {implicit: 0, pageLoad: 300000, script: 30000}, unhandledPromptBehavior: dismiss and notify, webauthn:extension:largeBlob: true, webauthn:virtualAuthenticators: true}
Session ID: 4bbeb0597c2c720b1f1fd6184e707daf
*** Element info: {Using=xpath, value=//span[text()='Paquita']}
For documentation on this error, please visit: https://www.seleniumhq.org/exceptions/no_such_element.html
Build info: version: '3.141.59', revision: 'e82be7d358', time: '2018-11-14T08:17:03'
System info: host: 'LAPTOP-SOA9CI2Q', ip: '192.168.1.10', os.name: 'Windows 10', os.arch: 'amd64', os.version: '10.0', java.version: '15.0.2'
Driver info: driver.version: unknown</error><system-err>no such element: Unable to locate element: {"method":"xpath","selector":"//span[text()='Paquita']"}
  (Session info: chrome=91.0.4472.124)
For documentation on this error, please visit: https://www.seleniumhq.org/exceptions/no_such_element.html
Build info: version: '3.141.59', revision: 'e82be7d358', time: '2018-11-14T08:17:03'
System info: host: 'LAPTOP-SOA9CI2Q', ip: '192.168.1.10', os.name: 'Windows 10', os.arch: 'amd64', os.version: '10.0', java.version: '15.0.2'
Driver info: org.openqa.selenium.chrome.ChromeDriver
Capabilities {acceptInsecureCerts: false, browserName: chrome, browserVersion: 91.0.4472.124, chrome: {chromedriverVersion: 91.0.4472.19 (1bf021f248676..., userDataDir: C:\Users\Lulu\AppData\Local...}, goog:chromeOptions: {debuggerAddress: localhost:57045}, javascriptEnabled: true, networkConnectionEnabled: false, pageLoadStrategy: normal, platform: WINDOWS, platformName: WINDOWS, proxy: Proxy(), setWindowRect: true, strictFileInteractability: false, timeouts: {implicit: 0, pageLoad: 300000, script: 30000}, unhandledPromptBehavior: dismiss and notify, webauthn:extension:largeBlob: true, webauthn:virtualAuthenticators: true}
Session ID: 4bbeb0597c2c720b1f1fd6184e707daf
*** Element info: {Using=xpath, value=//span[text()='Paquita']}
For documentation on this error, please visit: https://www.seleniumhq.org/exceptions/no_such_element.html
Build info: version: '3.141.59', revision: 'e82be7d358', time: '2018-11-14T08:17:03'
System info: host: 'LAPTOP-SOA9CI2Q', ip: '192.168.1.10', os.name: 'Windows 10', os.arch: 'amd64', os.version: '10.0', java.version: '15.0.2'
Driver info: driver.version: unknown&#13;
com.advantageshopping.automation.stepdefinitions.RegisterNewUserStepDefinitions.heShouldSeeHimUsernameInTheHomepage(RegisterNewUserStepDefinitions.java:56)&#13;
✽.he should see him username in the homepage(src/test/resources/features/registerNewUser.feature:10)&#13;
</system-err></testcase></testsuite>